{
  "stats": {
    "suites": 1,
    "tests": 1,
    "passes": 0,
    "pending": 0,
    "failures": 1,
    "start": "2019-01-29T01:53:55.708Z",
    "end": "2019-01-29T01:53:55.727Z",
    "duration": 19,
    "testsRegistered": 1,
    "passPercent": 0,
    "pendingPercent": 0,
    "other": 0,
    "hasOther": false,
    "skipped": 0,
    "hasSkipped": false,
    "passPercentClass": "danger",
    "pendingPercentClass": "danger"
  },
  "suites": {
    "uuid": "e3d01087-a1cd-40ca-b09c-23701db9d8c6",
    "title": "",
    "fullFile": "",
    "file": "",
    "beforeHooks": [],
    "afterHooks": [],
    "tests": [],
    "suites": [
      {
        "uuid": "734781d0-c1bf-4306-9802-0fdce60e6ff2",
        "title": "测试addfunction",
        "fullFile": "/home/hello/文档/demo/autoTest/test/add.test.ts",
        "file": "/test/add.test.ts",
        "beforeHooks": [],
        "afterHooks": [],
        "tests": [
          {
            "title": "1+1",
            "fullTitle": "测试addfunction 1+1",
            "timedOut": false,
            "duration": 1,
            "state": "failed",
            "pass": false,
            "fail": true,
            "pending": false,
            "code": "assert.strictEqual(Main.add(1, 1), 3);",
            "err": {
              "message": "AssertionError [ERR_ASSERTION]: Expected values to be strictly equal:\n\n2 !== 3\n",
              "estack": "AssertionError [ERR_ASSERTION]: Expected values to be strictly equal:\n\n2 !== 3\n\n    at Context.<anonymous> (test/add.test.ts:6:16)",
              "diff": "- 2\n+ 3\n"
            },
            "isRoot": false,
            "uuid": "ffdff4f8-4a26-4d24-9ead-85941618ea51",
            "isHook": false,
            "skipped": false
          }
        ],
        "suites": [],
        "passes": [],
        "failures": [
          "ffdff4f8-4a26-4d24-9ead-85941618ea51"
        ],
        "pending": [],
        "skipped": [],
        "duration": 1,
        "root": false,
        "rootEmpty": false,
        "_timeout": 2000
      }
    ],
    "passes": [],
    "failures": [],
    "pending": [],
    "skipped": [],
    "duration": 0,
    "root": true,
    "rootEmpty": true,
    "_timeout": 2000
  },
  "copyrightYear": 2019
}